{"numFailedTestSuites":1,"numFailedTests":9,"numPassedTestSuites":0,"numPassedTests":6,"numPendingTestSuites":0,"numPendingTests":0,"numRuntimeErrorTestSuites":1,"numTodoTests":0,"numTotalTestSuites":1,"numTotalTests":15,"openHandles":[],"snapshot":{"added":0,"didUpdate":false,"failure":false,"filesAdded":0,"filesRemoved":0,"filesRemovedList":[],"filesUnmatched":0,"filesUpdated":0,"matched":0,"total":0,"unchecked":0,"uncheckedKeysByFile":[],"unmatched":0,"updated":0},"startTime":1765319878081,"success":false,"testResults":[{"assertionResults":[{"ancestorTitles":["🟣 PROJECTS"],"duration":73,"failing":false,"failureDetails":[],"failureMessages":[],"fullName":"🟣 PROJECTS Crear proyecto #1","invocations":1,"location":null,"numPassingAsserts":2,"retryReasons":[],"startAt":1765319888747,"status":"passed","title":"Crear proyecto #1"},{"ancestorTitles":["🟣 PROJECTS"],"duration":23,"failing":false,"failureDetails":[],"failureMessages":[],"fullName":"🟣 PROJECTS Crear proyecto #2","invocations":1,"location":null,"numPassingAsserts":1,"retryReasons":[],"startAt":1765319888823,"status":"passed","title":"Crear proyecto #2"},{"ancestorTitles":["🟣 PROJECTS"],"duration":25,"failing":false,"failureDetails":[],"failureMessages":[],"fullName":"🟣 PROJECTS Listar proyectos","invocations":1,"location":null,"numPassingAsserts":2,"retryReasons":[],"startAt":1765319888847,"status":"passed","title":"Listar proyectos"},{"ancestorTitles":["🟣 PROJECTS"],"duration":25,"failing":false,"failureDetails":[{"matcherResult":{"actual":404,"expected":200,"message":"expect(received).toBe(expected) // Object.is equality\n\nExpected: 200\nReceived: 404","name":"toBe","pass":false}}],"failureMessages":["Error: expect(received).toBe(expected) // Object.is equality\n\nExpected: 200\nReceived: 404\n    at Object.<anonymous> (C:\\Users\\alexi\\OneDrive\\Documentos\\OPELast\\Metodologias_Proy\\backend\\tests\\all.test.ts:67:24)\n    at processTicksAndRejections (node:internal/process/task_queues:105:5)"],"fullName":"🟣 PROJECTS Obtener proyecto por ID","invocations":1,"location":null,"numPassingAsserts":0,"retryReasons":[],"startAt":1765319888873,"status":"failed","title":"Obtener proyecto por ID"},{"ancestorTitles":["🟣 PROJECTS"],"duration":55,"failing":false,"failureDetails":[{"matcherResult":{"actual":500,"expected":200,"message":"expect(received).toBe(expected) // Object.is equality\n\nExpected: 200\nReceived: 500","name":"toBe","pass":false}}],"failureMessages":["Error: expect(received).toBe(expected) // Object.is equality\n\nExpected: 200\nReceived: 500\n    at Object.<anonymous> (C:\\Users\\alexi\\OneDrive\\Documentos\\OPELast\\Metodologias_Proy\\backend\\tests\\all.test.ts:76:24)\n    at processTicksAndRejections (node:internal/process/task_queues:105:5)"],"fullName":"🟣 PROJECTS Archivar proyecto","invocations":1,"location":null,"numPassingAsserts":0,"retryReasons":[],"startAt":1765319888928,"status":"failed","title":"Archivar proyecto"},{"ancestorTitles":["🟡 ARTIFACTS"],"duration":5003,"failing":false,"failureDetails":[{"message":"thrown: \"Exceeded timeout of 5000 ms for a test.\nAdd a timeout value to this test to increase the timeout, if this is a long-running test. See https://jestjs.io/docs/api#testname-fn-timeout.\""},{"message":"Incorrect integer value: 'undefined' for column 'project_id' at row 1","code":"ER_TRUNCATED_WRONG_VALUE_FOR_FIELD","errno":1366,"sql":"INSERT INTO artifacts \n       (project_id, phase_name, title, description, change_note, version)\n     VALUES ('undefined', 'Inception', 'Documento X', 'Descripción de prueba', NULL, NULL)","sqlState":"HY000","sqlMessage":"Incorrect integer value: 'undefined' for column 'project_id' at row 1"}],"failureMessages":["Error: thrown: \"Exceeded timeout of 5000 ms for a test.\nAdd a timeout value to this test to increase the timeout, if this is a long-running test. See https://jestjs.io/docs/api#testname-fn-timeout.\"\n    at C:\\Users\\alexi\\OneDrive\\Documentos\\OPELast\\Metodologias_Proy\\backend\\tests\\all.test.ts:84:3\n    at _dispatchDescribe (C:\\Users\\alexi\\OneDrive\\Documentos\\OPELast\\Metodologias_Proy\\backend\\node_modules\\jest-circus\\build\\jestAdapterInit.js:604:26)\n    at describe (C:\\Users\\alexi\\OneDrive\\Documentos\\OPELast\\Metodologias_Proy\\backend\\node_modules\\jest-circus\\build\\jestAdapterInit.js:572:44)\n    at Object.<anonymous> (C:\\Users\\alexi\\OneDrive\\Documentos\\OPELast\\Metodologias_Proy\\backend\\tests\\all.test.ts:83:1)\n    at Runtime._execModule (C:\\Users\\alexi\\OneDrive\\Documentos\\OPELast\\Metodologias_Proy\\backend\\node_modules\\jest-runtime\\build\\index.js:1268:24)\n    at Runtime._loadModule (C:\\Users\\alexi\\OneDrive\\Documentos\\OPELast\\Metodologias_Proy\\backend\\node_modules\\jest-runtime\\build\\index.js:944:12)\n    at Runtime.requireModule (C:\\Users\\alexi\\OneDrive\\Documentos\\OPELast\\Metodologias_Proy\\backend\\node_modules\\jest-runtime\\build\\index.js:832:12)\n    at jestAdapter (C:\\Users\\alexi\\OneDrive\\Documentos\\OPELast\\Metodologias_Proy\\backend\\node_modules\\jest-circus\\build\\runner.js:95:13)\n    at runTestInternal (C:\\Users\\alexi\\OneDrive\\Documentos\\OPELast\\Metodologias_Proy\\backend\\node_modules\\jest-runner\\build\\index.js:275:16)\n    at runTest (C:\\Users\\alexi\\OneDrive\\Documentos\\OPELast\\Metodologias_Proy\\backend\\node_modules\\jest-runner\\build\\index.js:343:7)","Error: Incorrect integer value: 'undefined' for column 'project_id' at row 1\n    at PromisePool.query (C:\\Users\\alexi\\OneDrive\\Documentos\\OPELast\\Metodologias_Proy\\backend\\node_modules\\mysql2\\lib\\promise\\pool.js:36:22)\n    at C:\\Users\\alexi\\OneDrive\\Documentos\\OPELast\\Metodologias_Proy\\backend\\src\\routes\\artifacts.ts:62:12\n    at processTicksAndRejections (node:internal/process/task_queues:105:5)"],"fullName":"🟡 ARTIFACTS Crear artefacto","invocations":1,"location":null,"numPassingAsserts":0,"retryReasons":[],"startAt":1765319888985,"status":"failed","title":"Crear artefacto"},{"ancestorTitles":["🟡 ARTIFACTS"],"duration":18,"failing":false,"failureDetails":[{}],"failureMessages":["TypeError: Cannot read properties of undefined (reading 'id')\n    at Object.<anonymous> (C:\\Users\\alexi\\OneDrive\\Documentos\\OPELast\\Metodologias_Proy\\backend\\tests\\all.test.ts:103:30)\n    at processTicksAndRejections (node:internal/process/task_queues:105:5)"],"fullName":"🟡 ARTIFACTS Listar artefactos","invocations":1,"location":null,"numPassingAsserts":1,"retryReasons":[],"startAt":1765319893997,"status":"failed","title":"Listar artefactos"},{"ancestorTitles":["🟡 ARTIFACTS"],"duration":19,"failing":false,"failureDetails":[],"failureMessages":[],"fullName":"🟡 ARTIFACTS Eliminar artefacto","invocations":1,"location":null,"numPassingAsserts":1,"retryReasons":[],"startAt":1765319894016,"status":"passed","title":"Eliminar artefacto"},{"ancestorTitles":["🟠 BACKLOG"],"duration":27,"failing":false,"failureDetails":[{"errno":-4047,"syscall":"write","code":"EPIPE"},{"matcherResult":{"actual":500,"expected":200,"message":"expect(received).toBe(expected) // Object.is equality\n\nExpected: 200\nReceived: 500","name":"toBe","pass":false}}],"failureMessages":["Error: EPIPE: broken pipe, write\n    at Socket._write (node:internal/net:63:18)\n    at writeOrBuffer (node:internal/streams/writable:572:12)\n    at _write (node:internal/streams/writable:501:10)\n    at Socket.Writable.write (node:internal/streams/writable:510:10)\n    at Socket.stream.write (C:\\Users\\alexi\\OneDrive\\Documentos\\OPELast\\Metodologias_Proy\\backend\\node_modules\\@jest\\reporters\\build\\index.js:1626:7)\n    at console.value (node:internal/console/constructor:291:16)\n    at console.log (node:internal/console/constructor:374:26)\n    at console._log (C:\\Users\\alexi\\OneDrive\\Documentos\\OPELast\\Metodologias_Proy\\backend\\node_modules\\@jest\\console\\build\\index.js:251:11)\n    at console.log (C:\\Users\\alexi\\OneDrive\\Documentos\\OPELast\\Metodologias_Proy\\backend\\node_modules\\@jest\\console\\build\\index.js:311:10)\n    at C:\\Users\\alexi\\OneDrive\\Documentos\\OPELast\\Metodologias_Proy\\backend\\src\\routes\\backlog.ts:45:13\n    at processTicksAndRejections (node:internal/process/task_queues:105:5)","Error: expect(received).toBe(expected) // Object.is equality\n\nExpected: 200\nReceived: 500\n    at Object.<anonymous> (C:\\Users\\alexi\\OneDrive\\Documentos\\OPELast\\Metodologias_Proy\\backend\\tests\\all.test.ts:129:24)\n    at processTicksAndRejections (node:internal/process/task_queues:105:5)"],"fullName":"🟠 BACKLOG Crear item del backlog","invocations":1,"location":null,"numPassingAsserts":0,"retryReasons":[],"startAt":1765319894036,"status":"failed","title":"Crear item del backlog"},{"ancestorTitles":["🟠 BACKLOG"],"duration":8,"failing":false,"failureDetails":[],"failureMessages":[],"fullName":"🟠 BACKLOG Listar backlog","invocations":1,"location":null,"numPassingAsserts":2,"retryReasons":[],"startAt":1765319894064,"status":"passed","title":"Listar backlog"},{"ancestorTitles":["🟢 ITERACIONES"],"duration":5010,"failing":false,"failureDetails":[{"message":"thrown: \"Exceeded timeout of 5000 ms for a test.\nAdd a timeout value to this test to increase the timeout, if this is a long-running test. See https://jestjs.io/docs/api#testname-fn-timeout.\""},{"message":"Incorrect integer value: 'undefined' for column 'project_id' at row 1","code":"ER_TRUNCATED_WRONG_VALUE_FOR_FIELD","errno":1366,"sql":"INSERT INTO iteraciones (project_id, nombre, objetivo, fecha_inicio, fecha_fin)\n     VALUES ('undefined', 'Iteración 1', 'Completar funcionalidad base', '2025-01-01', '2025-01-15')","sqlState":"HY000","sqlMessage":"Incorrect integer value: 'undefined' for column 'project_id' at row 1"}],"failureMessages":["Error: thrown: \"Exceeded timeout of 5000 ms for a test.\nAdd a timeout value to this test to increase the timeout, if this is a long-running test. See https://jestjs.io/docs/api#testname-fn-timeout.\"\n    at C:\\Users\\alexi\\OneDrive\\Documentos\\OPELast\\Metodologias_Proy\\backend\\tests\\all.test.ts:147:3\n    at _dispatchDescribe (C:\\Users\\alexi\\OneDrive\\Documentos\\OPELast\\Metodologias_Proy\\backend\\node_modules\\jest-circus\\build\\jestAdapterInit.js:604:26)\n    at describe (C:\\Users\\alexi\\OneDrive\\Documentos\\OPELast\\Metodologias_Proy\\backend\\node_modules\\jest-circus\\build\\jestAdapterInit.js:572:44)\n    at Object.<anonymous> (C:\\Users\\alexi\\OneDrive\\Documentos\\OPELast\\Metodologias_Proy\\backend\\tests\\all.test.ts:146:1)\n    at Runtime._execModule (C:\\Users\\alexi\\OneDrive\\Documentos\\OPELast\\Metodologias_Proy\\backend\\node_modules\\jest-runtime\\build\\index.js:1268:24)\n    at Runtime._loadModule (C:\\Users\\alexi\\OneDrive\\Documentos\\OPELast\\Metodologias_Proy\\backend\\node_modules\\jest-runtime\\build\\index.js:944:12)\n    at Runtime.requireModule (C:\\Users\\alexi\\OneDrive\\Documentos\\OPELast\\Metodologias_Proy\\backend\\node_modules\\jest-runtime\\build\\index.js:832:12)\n    at jestAdapter (C:\\Users\\alexi\\OneDrive\\Documentos\\OPELast\\Metodologias_Proy\\backend\\node_modules\\jest-circus\\build\\runner.js:95:13)\n    at runTestInternal (C:\\Users\\alexi\\OneDrive\\Documentos\\OPELast\\Metodologias_Proy\\backend\\node_modules\\jest-runner\\build\\index.js:275:16)\n    at runTest (C:\\Users\\alexi\\OneDrive\\Documentos\\OPELast\\Metodologias_Proy\\backend\\node_modules\\jest-runner\\build\\index.js:343:7)","Error: Incorrect integer value: 'undefined' for column 'project_id' at row 1\n    at PromisePool.query (C:\\Users\\alexi\\OneDrive\\Documentos\\OPELast\\Metodologias_Proy\\backend\\node_modules\\mysql2\\lib\\promise\\pool.js:36:22)\n    at C:\\Users\\alexi\\OneDrive\\Documentos\\OPELast\\Metodologias_Proy\\backend\\src\\routes\\iteraciones.ts:14:12\n    at Layer.handle [as handle_request] (C:\\Users\\alexi\\OneDrive\\Documentos\\OPELast\\Metodologias_Proy\\backend\\node_modules\\express\\lib\\router\\layer.js:95:5)\n    at next (C:\\Users\\alexi\\OneDrive\\Documentos\\OPELast\\Metodologias_Proy\\backend\\node_modules\\express\\lib\\router\\route.js:149:13)\n    at verifyToken (C:\\Users\\alexi\\OneDrive\\Documentos\\OPELast\\Metodologias_Proy\\backend\\src\\middleware\\auth.ts:19:5)\n    at Layer.handle [as handle_request] (C:\\Users\\alexi\\OneDrive\\Documentos\\OPELast\\Metodologias_Proy\\backend\\node_modules\\express\\lib\\router\\layer.js:95:5)\n    at next (C:\\Users\\alexi\\OneDrive\\Documentos\\OPELast\\Metodologias_Proy\\backend\\node_modules\\express\\lib\\router\\route.js:149:13)\n    at Route.dispatch (C:\\Users\\alexi\\OneDrive\\Documentos\\OPELast\\Metodologias_Proy\\backend\\node_modules\\express\\lib\\router\\route.js:119:3)\n    at Layer.handle [as handle_request] (C:\\Users\\alexi\\OneDrive\\Documentos\\OPELast\\Metodologias_Proy\\backend\\node_modules\\express\\lib\\router\\layer.js:95:5)\n    at C:\\Users\\alexi\\OneDrive\\Documentos\\OPELast\\Metodologias_Proy\\backend\\node_modules\\express\\lib\\router\\index.js:284:15\n    at param (C:\\Users\\alexi\\OneDrive\\Documentos\\OPELast\\Metodologias_Proy\\backend\\node_modules\\express\\lib\\router\\index.js:365:14)\n    at param (C:\\Users\\alexi\\OneDrive\\Documentos\\OPELast\\Metodologias_Proy\\backend\\node_modules\\express\\lib\\router\\index.js:376:14)\n    at Function.process_params (C:\\Users\\alexi\\OneDrive\\Documentos\\OPELast\\Metodologias_Proy\\backend\\node_modules\\express\\lib\\router\\index.js:421:3)\n    at next (C:\\Users\\alexi\\OneDrive\\Documentos\\OPELast\\Metodologias_Proy\\backend\\node_modules\\express\\lib\\router\\index.js:280:10)\n    at Function.handle (C:\\Users\\alexi\\OneDrive\\Documentos\\OPELast\\Metodologias_Proy\\backend\\node_modules\\express\\lib\\router\\index.js:175:3)\n    at router (C:\\Users\\alexi\\OneDrive\\Documentos\\OPELast\\Metodologias_Proy\\backend\\node_modules\\express\\lib\\router\\index.js:47:12)\n    at Layer.handle [as handle_request] (C:\\Users\\alexi\\OneDrive\\Documentos\\OPELast\\Metodologias_Proy\\backend\\node_modules\\express\\lib\\router\\layer.js:95:5)\n    at trim_prefix (C:\\Users\\alexi\\OneDrive\\Documentos\\OPELast\\Metodologias_Proy\\backend\\node_modules\\express\\lib\\router\\index.js:328:13)\n    at C:\\Users\\alexi\\OneDrive\\Documentos\\OPELast\\Metodologias_Proy\\backend\\node_modules\\express\\lib\\router\\index.js:286:9\n    at Function.process_params (C:\\Users\\alexi\\OneDrive\\Documentos\\OPELast\\Metodologias_Proy\\backend\\node_modules\\express\\lib\\router\\index.js:346:12)\n    at next (C:\\Users\\alexi\\OneDrive\\Documentos\\OPELast\\Metodologias_Proy\\backend\\node_modules\\express\\lib\\router\\index.js:280:10)\n    at C:\\Users\\alexi\\OneDrive\\Documentos\\OPELast\\Metodologias_Proy\\backend\\node_modules\\express\\lib\\router\\index.js:646:15\n    at next (C:\\Users\\alexi\\OneDrive\\Documentos\\OPELast\\Metodologias_Proy\\backend\\node_modules\\express\\lib\\router\\index.js:265:14)\n    at Function.handle (C:\\Users\\alexi\\OneDrive\\Documentos\\OPELast\\Metodologias_Proy\\backend\\node_modules\\express\\lib\\router\\index.js:175:3)\n    at router (C:\\Users\\alexi\\OneDrive\\Documentos\\OPELast\\Metodologias_Proy\\backend\\node_modules\\express\\lib\\router\\index.js:47:12)\n    at Layer.handle [as handle_request] (C:\\Users\\alexi\\OneDrive\\Documentos\\OPELast\\Metodologias_Proy\\backend\\node_modules\\express\\lib\\router\\layer.js:95:5)\n    at trim_prefix (C:\\Users\\alexi\\OneDrive\\Documentos\\OPELast\\Metodologias_Proy\\backend\\node_modules\\express\\lib\\router\\index.js:328:13)\n    at C:\\Users\\alexi\\OneDrive\\Documentos\\OPELast\\Metodologias_Proy\\backend\\node_modules\\express\\lib\\router\\index.js:286:9\n    at Function.process_params (C:\\Users\\alexi\\OneDrive\\Documentos\\OPELast\\Metodologias_Proy\\backend\\node_modules\\express\\lib\\router\\index.js:346:12)\n    at next (C:\\Users\\alexi\\OneDrive\\Documentos\\OPELast\\Metodologias_Proy\\backend\\node_modules\\express\\lib\\router\\index.js:280:10)\n    at C:\\Users\\alexi\\OneDrive\\Documentos\\OPELast\\Metodologias_Proy\\backend\\node_modules\\express\\lib\\router\\index.js:646:15\n    at next (C:\\Users\\alexi\\OneDrive\\Documentos\\OPELast\\Metodologias_Proy\\backend\\node_modules\\express\\lib\\router\\index.js:265:14)\n    at Function.handle (C:\\Users\\alexi\\OneDrive\\Documentos\\OPELast\\Metodologias_Proy\\backend\\node_modules\\express\\lib\\router\\index.js:175:3)\n    at router (C:\\Users\\alexi\\OneDrive\\Documentos\\OPELast\\Metodologias_Proy\\backend\\node_modules\\express\\lib\\router\\index.js:47:12)\n    at Layer.handle [as handle_request] (C:\\Users\\alexi\\OneDrive\\Documentos\\OPELast\\Metodologias_Proy\\backend\\node_modules\\express\\lib\\router\\layer.js:95:5)\n    at trim_prefix (C:\\Users\\alexi\\OneDrive\\Documentos\\OPELast\\Metodologias_Proy\\backend\\node_modules\\express\\lib\\router\\index.js:328:13)\n    at C:\\Users\\alexi\\OneDrive\\Documentos\\OPELast\\Metodologias_Proy\\backend\\node_modules\\express\\lib\\router\\index.js:286:9\n    at Function.process_params (C:\\Users\\alexi\\OneDrive\\Documentos\\OPELast\\Metodologias_Proy\\backend\\node_modules\\express\\lib\\router\\index.js:346:12)\n    at next (C:\\Users\\alexi\\OneDrive\\Documentos\\OPELast\\Metodologias_Proy\\backend\\node_modules\\express\\lib\\router\\index.js:280:10)\n    at C:\\Users\\alexi\\OneDrive\\Documentos\\OPELast\\Metodologias_Proy\\backend\\node_modules\\express\\lib\\router\\index.js:646:15\n    at next (C:\\Users\\alexi\\OneDrive\\Documentos\\OPELast\\Metodologias_Proy\\backend\\node_modules\\express\\lib\\router\\index.js:265:14)\n    at Function.handle (C:\\Users\\alexi\\OneDrive\\Documentos\\OPELast\\Metodologias_Proy\\backend\\node_modules\\express\\lib\\router\\index.js:175:3)\n    at router (C:\\Users\\alexi\\OneDrive\\Documentos\\OPELast\\Metodologias_Proy\\backend\\node_modules\\express\\lib\\router\\index.js:47:12)\n    at Layer.handle [as handle_request] (C:\\Users\\alexi\\OneDrive\\Documentos\\OPELast\\Metodologias_Proy\\backend\\node_modules\\express\\lib\\router\\layer.js:95:5)\n    at trim_prefix (C:\\Users\\alexi\\OneDrive\\Documentos\\OPELast\\Metodologias_Proy\\backend\\node_modules\\express\\lib\\router\\index.js:328:13)\n    at C:\\Users\\alexi\\OneDrive\\Documentos\\OPELast\\Metodologias_Proy\\backend\\node_modules\\express\\lib\\router\\index.js:286:9\n    at Function.process_params (C:\\Users\\alexi\\OneDrive\\Documentos\\OPELast\\Metodologias_Proy\\backend\\node_modules\\express\\lib\\router\\index.js:346:12)\n    at next (C:\\Users\\alexi\\OneDrive\\Documentos\\OPELast\\Metodologias_Proy\\backend\\node_modules\\express\\lib\\router\\index.js:280:10)\n    at C:\\Users\\alexi\\OneDrive\\Documentos\\OPELast\\Metodologias_Proy\\backend\\node_modules\\express\\lib\\router\\index.js:646:15\n    at next (C:\\Users\\alexi\\OneDrive\\Documentos\\OPELast\\Metodologias_Proy\\backend\\node_modules\\express\\lib\\router\\index.js:265:14)\n    at Function.handle (C:\\Users\\alexi\\OneDrive\\Documentos\\OPELast\\Metodologias_Proy\\backend\\node_modules\\express\\lib\\router\\index.js:175:3)\n    at router (C:\\Users\\alexi\\OneDrive\\Documentos\\OPELast\\Metodologias_Proy\\backend\\node_modules\\express\\lib\\router\\index.js:47:12)\n    at Layer.handle [as handle_request] (C:\\Users\\alexi\\OneDrive\\Documentos\\OPELast\\Metodologias_Proy\\backend\\node_modules\\express\\lib\\router\\layer.js:95:5)\n    at trim_prefix (C:\\Users\\alexi\\OneDrive\\Documentos\\OPELast\\Metodologias_Proy\\backend\\node_modules\\express\\lib\\router\\index.js:328:13)\n    at C:\\Users\\alexi\\OneDrive\\Documentos\\OPELast\\Metodologias_Proy\\backend\\node_modules\\express\\lib\\router\\index.js:286:9\n    at Function.process_params (C:\\Users\\alexi\\OneDrive\\Documentos\\OPELast\\Metodologias_Proy\\backend\\node_modules\\express\\lib\\router\\index.js:346:12)\n    at next (C:\\Users\\alexi\\OneDrive\\Documentos\\OPELast\\Metodologias_Proy\\backend\\node_modules\\express\\lib\\router\\index.js:280:10)\n    at C:\\Users\\alexi\\OneDrive\\Documentos\\OPELast\\Metodologias_Proy\\backend\\node_modules\\express\\lib\\router\\index.js:646:15\n    at next (C:\\Users\\alexi\\OneDrive\\Documentos\\OPELast\\Metodologias_Proy\\backend\\node_modules\\express\\lib\\router\\index.js:265:14)\n    at Function.handle (C:\\Users\\alexi\\OneDrive\\Documentos\\OPELast\\Metodologias_Proy\\backend\\node_modules\\express\\lib\\router\\index.js:175:3)\n    at router (C:\\Users\\alexi\\OneDrive\\Documentos\\OPELast\\Metodologias_Proy\\backend\\node_modules\\express\\lib\\router\\index.js:47:12)\n    at Layer.handle [as handle_request] (C:\\Users\\alexi\\OneDrive\\Documentos\\OPELast\\Metodologias_Proy\\backend\\node_modules\\express\\lib\\router\\layer.js:95:5)\n    at trim_prefix (C:\\Users\\alexi\\OneDrive\\Documentos\\OPELast\\Metodologias_Proy\\backend\\node_modules\\express\\lib\\router\\index.js:328:13)\n    at C:\\Users\\alexi\\OneDrive\\Documentos\\OPELast\\Metodologias_Proy\\backend\\node_modules\\express\\lib\\router\\index.js:286:9\n    at Function.process_params (C:\\Users\\alexi\\OneDrive\\Documentos\\OPELast\\Metodologias_Proy\\backend\\node_modules\\express\\lib\\router\\index.js:346:12)\n    at next (C:\\Users\\alexi\\OneDrive\\Documentos\\OPELast\\Metodologias_Proy\\backend\\node_modules\\express\\lib\\router\\index.js:280:10)\n    at C:\\Users\\alexi\\OneDrive\\Documentos\\OPELast\\Metodologias_Proy\\backend\\node_modules\\body-parser\\lib\\read.js:137:5\n    at AsyncResource.runInAsyncScope (node:async_hooks:211:14)\n    at invokeCallback (C:\\Users\\alexi\\OneDrive\\Documentos\\OPELast\\Metodologias_Proy\\backend\\node_modules\\raw-body\\index.js:238:16)\n    at done (C:\\Users\\alexi\\OneDrive\\Documentos\\OPELast\\Metodologias_Proy\\backend\\node_modules\\raw-body\\index.js:227:7)\n    at IncomingMessage.onEnd (C:\\Users\\alexi\\OneDrive\\Documentos\\OPELast\\Metodologias_Proy\\backend\\node_modules\\raw-body\\index.js:287:7)\n    at IncomingMessage.emit (node:events:524:28)\n    at endReadableNT (node:internal/streams/readable:1698:12)\n    at processTicksAndRejections (node:internal/process/task_queues:90:21)"],"fullName":"🟢 ITERACIONES Crear iteración","invocations":1,"location":null,"numPassingAsserts":0,"retryReasons":[],"startAt":1765319894073,"status":"failed","title":"Crear iteración"},{"ancestorTitles":["🟢 ITERACIONES"],"duration":29,"failing":false,"failureDetails":[],"failureMessages":[],"fullName":"🟢 ITERACIONES Listar iteraciones","invocations":1,"location":null,"numPassingAsserts":2,"retryReasons":[],"startAt":1765319899092,"status":"passed","title":"Listar iteraciones"},{"ancestorTitles":["🔵 PLAN"],"duration":36,"failing":false,"failureDetails":[{"errno":-4047,"syscall":"write","code":"EPIPE"},{"matcherResult":{"actual":500,"expected":200,"message":"expect(received).toBe(expected) // Object.is equality\n\nExpected: 200\nReceived: 500","name":"toBe","pass":false}}],"failureMessages":["Error: EPIPE: broken pipe, write\n    at Socket._write (node:internal/net:63:18)\n    at writeOrBuffer (node:internal/streams/writable:572:12)\n    at _write (node:internal/streams/writable:501:10)\n    at Socket.Writable.write (node:internal/streams/writable:510:10)\n    at Socket.stream.write (C:\\Users\\alexi\\OneDrive\\Documentos\\OPELast\\Metodologias_Proy\\backend\\node_modules\\@jest\\reporters\\build\\index.js:1626:7)\n    at console.value (node:internal/console/constructor:291:16)\n    at console.log (node:internal/console/constructor:374:26)\n    at console._log (C:\\Users\\alexi\\OneDrive\\Documentos\\OPELast\\Metodologias_Proy\\backend\\node_modules\\@jest\\console\\build\\index.js:251:11)\n    at console.log (C:\\Users\\alexi\\OneDrive\\Documentos\\OPELast\\Metodologias_Proy\\backend\\node_modules\\@jest\\console\\build\\index.js:311:10)\n    at C:\\Users\\alexi\\OneDrive\\Documentos\\OPELast\\Metodologias_Proy\\backend\\src\\routes\\plan.ts:30:13\n    at processTicksAndRejections (node:internal/process/task_queues:105:5)","Error: expect(received).toBe(expected) // Object.is equality\n\nExpected: 200\nReceived: 500\n    at Object.<anonymous> (C:\\Users\\alexi\\OneDrive\\Documentos\\OPELast\\Metodologias_Proy\\backend\\tests\\all.test.ts:186:24)\n    at processTicksAndRejections (node:internal/process/task_queues:105:5)"],"fullName":"🔵 PLAN Crear plan de proyecto","invocations":1,"location":null,"numPassingAsserts":0,"retryReasons":[],"startAt":1765319899123,"status":"failed","title":"Crear plan de proyecto"},{"ancestorTitles":["🔵 PLAN"],"duration":34,"failing":false,"failureDetails":[{"errno":-4047,"syscall":"write","code":"EPIPE"},{"matcherResult":{"actual":500,"expected":200,"message":"expect(received).toBe(expected) // Object.is equality\n\nExpected: 200\nReceived: 500","name":"toBe","pass":false}}],"failureMessages":["Error: EPIPE: broken pipe, write\n    at Socket._write (node:internal/net:63:18)\n    at writeOrBuffer (node:internal/streams/writable:572:12)\n    at _write (node:internal/streams/writable:501:10)\n    at Socket.Writable.write (node:internal/streams/writable:510:10)\n    at Socket.stream.write (C:\\Users\\alexi\\OneDrive\\Documentos\\OPELast\\Metodologias_Proy\\backend\\node_modules\\@jest\\reporters\\build\\index.js:1626:7)\n    at console.value (node:internal/console/constructor:291:16)\n    at console.log (node:internal/console/constructor:374:26)\n    at console._log (C:\\Users\\alexi\\OneDrive\\Documentos\\OPELast\\Metodologias_Proy\\backend\\node_modules\\@jest\\console\\build\\index.js:251:11)\n    at console.log (C:\\Users\\alexi\\OneDrive\\Documentos\\OPELast\\Metodologias_Proy\\backend\\node_modules\\@jest\\console\\build\\index.js:311:10)\n    at C:\\Users\\alexi\\OneDrive\\Documentos\\OPELast\\Metodologias_Proy\\backend\\src\\routes\\plan.ts:54:13\n    at processTicksAndRejections (node:internal/process/task_queues:105:5)","Error: expect(received).toBe(expected) // Object.is equality\n\nExpected: 200\nReceived: 500\n    at Object.<anonymous> (C:\\Users\\alexi\\OneDrive\\Documentos\\OPELast\\Metodologias_Proy\\backend\\tests\\all.test.ts:198:24)\n    at processTicksAndRejections (node:internal/process/task_queues:105:5)"],"fullName":"🔵 PLAN Actualizar avance del plan","invocations":1,"location":null,"numPassingAsserts":0,"retryReasons":[],"startAt":1765319899160,"status":"failed","title":"Actualizar avance del plan"},{"ancestorTitles":["🧨 DELETE"],"duration":36,"failing":false,"failureDetails":[{"errno":-4047,"syscall":"write","code":"EPIPE"},{"matcherResult":{"actual":500,"expected":200,"message":"expect(received).toBe(expected) // Object.is equality\n\nExpected: 200\nReceived: 500","name":"toBe","pass":false}}],"failureMessages":["Error: EPIPE: broken pipe, write\n    at Socket._write (node:internal/net:63:18)\n    at writeOrBuffer (node:internal/streams/writable:572:12)\n    at _write (node:internal/streams/writable:501:10)\n    at Socket.Writable.write (node:internal/streams/writable:510:10)\n    at Socket.stream.write (C:\\Users\\alexi\\OneDrive\\Documentos\\OPELast\\Metodologias_Proy\\backend\\node_modules\\@jest\\reporters\\build\\index.js:1626:7)\n    at console.value (node:internal/console/constructor:291:16)\n    at console.log (node:internal/console/constructor:374:26)\n    at console._log (C:\\Users\\alexi\\OneDrive\\Documentos\\OPELast\\Metodologias_Proy\\backend\\node_modules\\@jest\\console\\build\\index.js:251:11)\n    at console.log (C:\\Users\\alexi\\OneDrive\\Documentos\\OPELast\\Metodologias_Proy\\backend\\node_modules\\@jest\\console\\build\\index.js:311:10)\n    at C:\\Users\\alexi\\OneDrive\\Documentos\\OPELast\\Metodologias_Proy\\backend\\src\\routes\\projects.ts:111:13\n    at processTicksAndRejections (node:internal/process/task_queues:105:5)","Error: expect(received).toBe(expected) // Object.is equality\n\nExpected: 200\nReceived: 500\n    at Object.<anonymous> (C:\\Users\\alexi\\OneDrive\\Documentos\\OPELast\\Metodologias_Proy\\backend\\tests\\all.test.ts:211:24)\n    at processTicksAndRejections (node:internal/process/task_queues:105:5)"],"fullName":"🧨 DELETE Eliminar proyecto #2","invocations":1,"location":null,"numPassingAsserts":0,"retryReasons":[],"startAt":1765319899195,"status":"failed","title":"Eliminar proyecto #2"}],"coverage":{},"endTime":1765319899503,"message":"  ● 🟣 PROJECTS › Obtener proyecto por ID\n\n    expect(received).toBe(expected) // Object.is equality\n\n    Expected: 200\n    Received: 404\n\n    \u001b[0m \u001b[90m 65 |\u001b[39m       \u001b[33m.\u001b[39m\u001b[36mset\u001b[39m(\u001b[32m\"Authorization\"\u001b[39m\u001b[33m,\u001b[39m \u001b[32m`Bearer ${token}`\u001b[39m)\u001b[33m;\u001b[39m\n     \u001b[90m 66 |\u001b[39m\n    \u001b[31m\u001b[1m>\u001b[22m\u001b[39m\u001b[90m 67 |\u001b[39m     expect(res\u001b[33m.\u001b[39mstatus)\u001b[33m.\u001b[39mtoBe(\u001b[35m200\u001b[39m)\u001b[33m;\u001b[39m\n     \u001b[90m    |\u001b[39m                        \u001b[31m\u001b[1m^\u001b[22m\u001b[39m\n     \u001b[90m 68 |\u001b[39m     expect(res\u001b[33m.\u001b[39mbody\u001b[33m.\u001b[39mid)\u001b[33m.\u001b[39mtoBe(project1)\u001b[33m;\u001b[39m\n     \u001b[90m 69 |\u001b[39m   })\u001b[33m;\u001b[39m\n     \u001b[90m 70 |\u001b[39m\u001b[0m\n\n      at Object.<anonymous> (tests/all.test.ts:67:24)\n\n  ● 🟣 PROJECTS › Archivar proyecto\n\n    expect(received).toBe(expected) // Object.is equality\n\n    Expected: 200\n    Received: 500\n\n    \u001b[0m \u001b[90m 74 |\u001b[39m       \u001b[33m.\u001b[39m\u001b[36mset\u001b[39m(\u001b[32m\"Authorization\"\u001b[39m\u001b[33m,\u001b[39m \u001b[32m`Bearer ${token}`\u001b[39m)\u001b[33m;\u001b[39m\n     \u001b[90m 75 |\u001b[39m\n    \u001b[31m\u001b[1m>\u001b[22m\u001b[39m\u001b[90m 76 |\u001b[39m     expect(res\u001b[33m.\u001b[39mstatus)\u001b[33m.\u001b[39mtoBe(\u001b[35m200\u001b[39m)\u001b[33m;\u001b[39m\n     \u001b[90m    |\u001b[39m                        \u001b[31m\u001b[1m^\u001b[22m\u001b[39m\n     \u001b[90m 77 |\u001b[39m   })\u001b[33m;\u001b[39m\n     \u001b[90m 78 |\u001b[39m })\u001b[33m;\u001b[39m\n     \u001b[90m 79 |\u001b[39m\u001b[0m\n\n      at Object.<anonymous> (tests/all.test.ts:76:24)\n\n  ● 🟡 ARTIFACTS › Crear artefacto\n\n    thrown: \"Exceeded timeout of 5000 ms for a test.\n    Add a timeout value to this test to increase the timeout, if this is a long-running test. See https://jestjs.io/docs/api#testname-fn-timeout.\"\n\n    \u001b[0m \u001b[90m 82 |\u001b[39m \u001b[90m//\u001b[39m\n     \u001b[90m 83 |\u001b[39m describe(\u001b[32m\"🟡 ARTIFACTS\"\u001b[39m\u001b[33m,\u001b[39m () \u001b[33m=>\u001b[39m {\n    \u001b[31m\u001b[1m>\u001b[22m\u001b[39m\u001b[90m 84 |\u001b[39m   test(\u001b[32m\"Crear artefacto\"\u001b[39m\u001b[33m,\u001b[39m \u001b[36masync\u001b[39m () \u001b[33m=>\u001b[39m {\n     \u001b[90m    |\u001b[39m   \u001b[31m\u001b[1m^\u001b[22m\u001b[39m\n     \u001b[90m 85 |\u001b[39m     \u001b[36mconst\u001b[39m res \u001b[33m=\u001b[39m \u001b[36mawait\u001b[39m request(app)\n     \u001b[90m 86 |\u001b[39m       \u001b[33m.\u001b[39mpost(\u001b[32m`/projects/${project2}/artifacts`\u001b[39m)\n     \u001b[90m 87 |\u001b[39m       \u001b[33m.\u001b[39m\u001b[36mset\u001b[39m(\u001b[32m\"Authorization\"\u001b[39m\u001b[33m,\u001b[39m \u001b[32m`Bearer ${token}`\u001b[39m)\u001b[0m\n\n      at tests/all.test.ts:84:3\n      at Object.<anonymous> (tests/all.test.ts:83:1)\n\n  ● 🟡 ARTIFACTS › Crear artefacto\n\n    Incorrect integer value: 'undefined' for column 'project_id' at row 1\n\n    \u001b[0m \u001b[90m 60 |\u001b[39m   }\n     \u001b[90m 61 |\u001b[39m\n    \u001b[31m\u001b[1m>\u001b[22m\u001b[39m\u001b[90m 62 |\u001b[39m   \u001b[36mawait\u001b[39m db\u001b[33m.\u001b[39mquery(\n     \u001b[90m    |\u001b[39m            \u001b[31m\u001b[1m^\u001b[22m\u001b[39m\n     \u001b[90m 63 |\u001b[39m     \u001b[32m`INSERT INTO artifacts \u001b[39m\n     \u001b[90m 64 |\u001b[39m \u001b[32m       (project_id, phase_name, title, description, change_note, version)\u001b[39m\n     \u001b[90m 65 |\u001b[39m \u001b[32m     VALUES (?, ?, ?, ?, ?, ?)`\u001b[39m\u001b[33m,\u001b[39m\u001b[0m\n\n      at PromisePool.query (node_modules/mysql2/lib/promise/pool.js:36:22)\n      at src/routes/artifacts.ts:62:12\n\n  ● 🟡 ARTIFACTS › Listar artefactos\n\n    TypeError: Cannot read properties of undefined (reading 'id')\n\n    \u001b[0m \u001b[90m 101 |\u001b[39m\n     \u001b[90m 102 |\u001b[39m     expect(res\u001b[33m.\u001b[39mstatus)\u001b[33m.\u001b[39mtoBe(\u001b[35m200\u001b[39m)\u001b[33m;\u001b[39m\n    \u001b[31m\u001b[1m>\u001b[22m\u001b[39m\u001b[90m 103 |\u001b[39m     artifactId \u001b[33m=\u001b[39m res\u001b[33m.\u001b[39mbody[\u001b[35m0\u001b[39m]\u001b[33m.\u001b[39mid\u001b[33m;\u001b[39m\n     \u001b[90m     |\u001b[39m                              \u001b[31m\u001b[1m^\u001b[22m\u001b[39m\n     \u001b[90m 104 |\u001b[39m   })\u001b[33m;\u001b[39m\n     \u001b[90m 105 |\u001b[39m\n     \u001b[90m 106 |\u001b[39m   test(\u001b[32m\"Eliminar artefacto\"\u001b[39m\u001b[33m,\u001b[39m \u001b[36masync\u001b[39m () \u001b[33m=>\u001b[39m {\u001b[0m\n\n      at Object.<anonymous> (tests/all.test.ts:103:30)\n\n  ● 🟠 BACKLOG › Crear item del backlog\n\n    EPIPE: broken pipe, write\n\n    \u001b[0m \u001b[90m 43 |\u001b[39m     res\u001b[33m.\u001b[39mjson({ message\u001b[33m:\u001b[39m \u001b[32m\"Item agregado al backlog\"\u001b[39m })\u001b[33m;\u001b[39m\n     \u001b[90m 44 |\u001b[39m   } \u001b[36mcatch\u001b[39m (err) {\n    \u001b[31m\u001b[1m>\u001b[22m\u001b[39m\u001b[90m 45 |\u001b[39m     console\u001b[33m.\u001b[39mlog(err)\u001b[33m;\u001b[39m\n     \u001b[90m    |\u001b[39m             \u001b[31m\u001b[1m^\u001b[22m\u001b[39m\n     \u001b[90m 46 |\u001b[39m     res\u001b[33m.\u001b[39mstatus(\u001b[35m500\u001b[39m)\u001b[33m.\u001b[39mjson({ message\u001b[33m:\u001b[39m \u001b[32m\"Error al agregar al backlog\"\u001b[39m })\u001b[33m;\u001b[39m\n     \u001b[90m 47 |\u001b[39m   }\n     \u001b[90m 48 |\u001b[39m })\u001b[33m;\u001b[39m\u001b[0m\n\n      at Socket.stream.write (node_modules/@jest/reporters/build/index.js:1626:7)\n      at console._log (node_modules/@jest/console/build/index.js:251:11)\n      at console.log (node_modules/@jest/console/build/index.js:311:10)\n      at src/routes/backlog.ts:45:13\n\n  ● 🟠 BACKLOG › Crear item del backlog\n\n    expect(received).toBe(expected) // Object.is equality\n\n    Expected: 200\n    Received: 500\n\n    \u001b[0m \u001b[90m 127 |\u001b[39m       })\u001b[33m;\u001b[39m\n     \u001b[90m 128 |\u001b[39m\n    \u001b[31m\u001b[1m>\u001b[22m\u001b[39m\u001b[90m 129 |\u001b[39m     expect(res\u001b[33m.\u001b[39mstatus)\u001b[33m.\u001b[39mtoBe(\u001b[35m200\u001b[39m)\u001b[33m;\u001b[39m\n     \u001b[90m     |\u001b[39m                        \u001b[31m\u001b[1m^\u001b[22m\u001b[39m\n     \u001b[90m 130 |\u001b[39m     backlogId \u001b[33m=\u001b[39m res\u001b[33m.\u001b[39mbody\u001b[33m.\u001b[39mid\u001b[33m;\u001b[39m\n     \u001b[90m 131 |\u001b[39m   })\u001b[33m;\u001b[39m\n     \u001b[90m 132 |\u001b[39m\u001b[0m\n\n      at Object.<anonymous> (tests/all.test.ts:129:24)\n\n  ● 🟢 ITERACIONES › Crear iteración\n\n    thrown: \"Exceeded timeout of 5000 ms for a test.\n    Add a timeout value to this test to increase the timeout, if this is a long-running test. See https://jestjs.io/docs/api#testname-fn-timeout.\"\n\n    \u001b[0m \u001b[90m 145 |\u001b[39m \u001b[90m//\u001b[39m\n     \u001b[90m 146 |\u001b[39m describe(\u001b[32m\"🟢 ITERACIONES\"\u001b[39m\u001b[33m,\u001b[39m () \u001b[33m=>\u001b[39m {\n    \u001b[31m\u001b[1m>\u001b[22m\u001b[39m\u001b[90m 147 |\u001b[39m   test(\u001b[32m\"Crear iteración\"\u001b[39m\u001b[33m,\u001b[39m \u001b[36masync\u001b[39m () \u001b[33m=>\u001b[39m {\n     \u001b[90m     |\u001b[39m   \u001b[31m\u001b[1m^\u001b[22m\u001b[39m\n     \u001b[90m 148 |\u001b[39m     \u001b[36mconst\u001b[39m res \u001b[33m=\u001b[39m \u001b[36mawait\u001b[39m request(app)\n     \u001b[90m 149 |\u001b[39m       \u001b[33m.\u001b[39mpost(\u001b[32m`/projects/${project2}/iteraciones`\u001b[39m)\n     \u001b[90m 150 |\u001b[39m       \u001b[33m.\u001b[39m\u001b[36mset\u001b[39m(\u001b[32m\"Authorization\"\u001b[39m\u001b[33m,\u001b[39m \u001b[32m`Bearer ${token}`\u001b[39m)\u001b[0m\n\n      at tests/all.test.ts:147:3\n      at Object.<anonymous> (tests/all.test.ts:146:1)\n\n  ● 🟢 ITERACIONES › Crear iteración\n\n    Incorrect integer value: 'undefined' for column 'project_id' at row 1\n\n    \u001b[0m \u001b[90m 12 |\u001b[39m   \u001b[36mconst\u001b[39m { nombre\u001b[33m,\u001b[39m objetivo\u001b[33m,\u001b[39m fecha_inicio\u001b[33m,\u001b[39m fecha_fin } \u001b[33m=\u001b[39m req\u001b[33m.\u001b[39mbody\u001b[33m;\u001b[39m\n     \u001b[90m 13 |\u001b[39m\n    \u001b[31m\u001b[1m>\u001b[22m\u001b[39m\u001b[90m 14 |\u001b[39m   \u001b[36mawait\u001b[39m db\u001b[33m.\u001b[39mquery(\n     \u001b[90m    |\u001b[39m            \u001b[31m\u001b[1m^\u001b[22m\u001b[39m\n     \u001b[90m 15 |\u001b[39m     \u001b[32m`INSERT INTO iteraciones (project_id, nombre, objetivo, fecha_inicio, fecha_fin)\u001b[39m\n     \u001b[90m 16 |\u001b[39m \u001b[32m     VALUES (?, ?, ?, ?, ?)`\u001b[39m\u001b[33m,\u001b[39m\n     \u001b[90m 17 |\u001b[39m     [id\u001b[33m,\u001b[39m nombre\u001b[33m,\u001b[39m objetivo\u001b[33m,\u001b[39m fecha_inicio\u001b[33m,\u001b[39m fecha_fin]\u001b[0m\n\n      at PromisePool.query (node_modules/mysql2/lib/promise/pool.js:36:22)\n      at src/routes/iteraciones.ts:14:12\n      at Layer.handle [as handle_request] (node_modules/express/lib/router/layer.js:95:5)\n      at next (node_modules/express/lib/router/route.js:149:13)\n      at verifyToken (src/middleware/auth.ts:19:5)\n      at Layer.handle [as handle_request] (node_modules/express/lib/router/layer.js:95:5)\n      at next (node_modules/express/lib/router/route.js:149:13)\n      at Route.dispatch (node_modules/express/lib/router/route.js:119:3)\n      at Layer.handle [as handle_request] (node_modules/express/lib/router/layer.js:95:5)\n      at node_modules/express/lib/router/index.js:284:15\n      at param (node_modules/express/lib/router/index.js:365:14)\n      at param (node_modules/express/lib/router/index.js:376:14)\n      at Function.process_params (node_modules/express/lib/router/index.js:421:3)\n      at next (node_modules/express/lib/router/index.js:280:10)\n      at Function.handle (node_modules/express/lib/router/index.js:175:3)\n      at router (node_modules/express/lib/router/index.js:47:12)\n      at Layer.handle [as handle_request] (node_modules/express/lib/router/layer.js:95:5)\n      at trim_prefix (node_modules/express/lib/router/index.js:328:13)\n      at node_modules/express/lib/router/index.js:286:9\n      at Function.process_params (node_modules/express/lib/router/index.js:346:12)\n      at next (node_modules/express/lib/router/index.js:280:10)\n      at node_modules/express/lib/router/index.js:646:15\n      at next (node_modules/express/lib/router/index.js:265:14)\n      at Function.handle (node_modules/express/lib/router/index.js:175:3)\n      at router (node_modules/express/lib/router/index.js:47:12)\n      at Layer.handle [as handle_request] (node_modules/express/lib/router/layer.js:95:5)\n      at trim_prefix (node_modules/express/lib/router/index.js:328:13)\n      at node_modules/express/lib/router/index.js:286:9\n      at Function.process_params (node_modules/express/lib/router/index.js:346:12)\n      at next (node_modules/express/lib/router/index.js:280:10)\n      at node_modules/express/lib/router/index.js:646:15\n      at next (node_modules/express/lib/router/index.js:265:14)\n      at Function.handle (node_modules/express/lib/router/index.js:175:3)\n      at router (node_modules/express/lib/router/index.js:47:12)\n      at Layer.handle [as handle_request] (node_modules/express/lib/router/layer.js:95:5)\n      at trim_prefix (node_modules/express/lib/router/index.js:328:13)\n      at node_modules/express/lib/router/index.js:286:9\n      at Function.process_params (node_modules/express/lib/router/index.js:346:12)\n      at next (node_modules/express/lib/router/index.js:280:10)\n      at node_modules/express/lib/router/index.js:646:15\n      at next (node_modules/express/lib/router/index.js:265:14)\n      at Function.handle (node_modules/express/lib/router/index.js:175:3)\n      at router (node_modules/express/lib/router/index.js:47:12)\n      at Layer.handle [as handle_request] (node_modules/express/lib/router/layer.js:95:5)\n      at trim_prefix (node_modules/express/lib/router/index.js:328:13)\n      at node_modules/express/lib/router/index.js:286:9\n      at Function.process_params (node_modules/express/lib/router/index.js:346:12)\n      at next (node_modules/express/lib/router/index.js:280:10)\n      at node_modules/express/lib/router/index.js:646:15\n      at next (node_modules/express/lib/router/index.js:265:14)\n      at Function.handle (node_modules/express/lib/router/index.js:175:3)\n      at router (node_modules/express/lib/router/index.js:47:12)\n      at Layer.handle [as handle_request] (node_modules/express/lib/router/layer.js:95:5)\n      at trim_prefix (node_modules/express/lib/router/index.js:328:13)\n      at node_modules/express/lib/router/index.js:286:9\n      at Function.process_params (node_modules/express/lib/router/index.js:346:12)\n      at next (node_modules/express/lib/router/index.js:280:10)\n      at node_modules/express/lib/router/index.js:646:15\n      at next (node_modules/express/lib/router/index.js:265:14)\n      at Function.handle (node_modules/express/lib/router/index.js:175:3)\n      at router (node_modules/express/lib/router/index.js:47:12)\n      at Layer.handle [as handle_request] (node_modules/express/lib/router/layer.js:95:5)\n      at trim_prefix (node_modules/express/lib/router/index.js:328:13)\n      at node_modules/express/lib/router/index.js:286:9\n      at Function.process_params (node_modules/express/lib/router/index.js:346:12)\n      at next (node_modules/express/lib/router/index.js:280:10)\n      at node_modules/body-parser/lib/read.js:137:5\n      at invokeCallback (node_modules/raw-body/index.js:238:16)\n      at done (node_modules/raw-body/index.js:227:7)\n      at IncomingMessage.onEnd (node_modules/raw-body/index.js:287:7)\n\n  ● 🔵 PLAN › Crear plan de proyecto\n\n    EPIPE: broken pipe, write\n\n    \u001b[0m \u001b[90m 28 |\u001b[39m     res\u001b[33m.\u001b[39mjson({ message\u001b[33m:\u001b[39m \u001b[32m\"Plan del proyecto guardado correctamente\"\u001b[39m })\u001b[33m;\u001b[39m\n     \u001b[90m 29 |\u001b[39m   } \u001b[36mcatch\u001b[39m (err) {\n    \u001b[31m\u001b[1m>\u001b[22m\u001b[39m\u001b[90m 30 |\u001b[39m     console\u001b[33m.\u001b[39mlog(\u001b[32m\"Error al guardar plan:\"\u001b[39m\u001b[33m,\u001b[39m err)\u001b[33m;\u001b[39m\n     \u001b[90m    |\u001b[39m             \u001b[31m\u001b[1m^\u001b[22m\u001b[39m\n     \u001b[90m 31 |\u001b[39m     res\u001b[33m.\u001b[39mstatus(\u001b[35m500\u001b[39m)\u001b[33m.\u001b[39mjson({ message\u001b[33m:\u001b[39m \u001b[32m\"No se pudo guardar el plan\"\u001b[39m })\u001b[33m;\u001b[39m\n     \u001b[90m 32 |\u001b[39m   }\n     \u001b[90m 33 |\u001b[39m })\u001b[33m;\u001b[39m\u001b[0m\n\n      at Socket.stream.write (node_modules/@jest/reporters/build/index.js:1626:7)\n      at console._log (node_modules/@jest/console/build/index.js:251:11)\n      at console.log (node_modules/@jest/console/build/index.js:311:10)\n      at src/routes/plan.ts:30:13\n\n  ● 🔵 PLAN › Crear plan de proyecto\n\n    expect(received).toBe(expected) // Object.is equality\n\n    Expected: 200\n    Received: 500\n\n    \u001b[0m \u001b[90m 184 |\u001b[39m       })\u001b[33m;\u001b[39m\n     \u001b[90m 185 |\u001b[39m\n    \u001b[31m\u001b[1m>\u001b[22m\u001b[39m\u001b[90m 186 |\u001b[39m     expect(res\u001b[33m.\u001b[39mstatus)\u001b[33m.\u001b[39mtoBe(\u001b[35m200\u001b[39m)\u001b[33m;\u001b[39m\n     \u001b[90m     |\u001b[39m                        \u001b[31m\u001b[1m^\u001b[22m\u001b[39m\n     \u001b[90m 187 |\u001b[39m   })\u001b[33m;\u001b[39m\n     \u001b[90m 188 |\u001b[39m\n     \u001b[90m 189 |\u001b[39m   test(\u001b[32m\"Actualizar avance del plan\"\u001b[39m\u001b[33m,\u001b[39m \u001b[36masync\u001b[39m () \u001b[33m=>\u001b[39m {\u001b[0m\n\n      at Object.<anonymous> (tests/all.test.ts:186:24)\n\n  ● 🔵 PLAN › Actualizar avance del plan\n\n    EPIPE: broken pipe, write\n\n    \u001b[0m \u001b[90m 52 |\u001b[39m     res\u001b[33m.\u001b[39mjson({ message\u001b[33m:\u001b[39m \u001b[32m\"Avance actualizado correctamente\"\u001b[39m })\u001b[33m;\u001b[39m\n     \u001b[90m 53 |\u001b[39m   } \u001b[36mcatch\u001b[39m (err) {\n    \u001b[31m\u001b[1m>\u001b[22m\u001b[39m\u001b[90m 54 |\u001b[39m     console\u001b[33m.\u001b[39mlog(\u001b[32m\"Error actualizando avance:\"\u001b[39m\u001b[33m,\u001b[39m err)\u001b[33m;\u001b[39m\n     \u001b[90m    |\u001b[39m             \u001b[31m\u001b[1m^\u001b[22m\u001b[39m\n     \u001b[90m 55 |\u001b[39m     res\u001b[33m.\u001b[39mstatus(\u001b[35m500\u001b[39m)\u001b[33m.\u001b[39mjson({ message\u001b[33m:\u001b[39m \u001b[32m\"No se pudo actualizar el avance\"\u001b[39m })\u001b[33m;\u001b[39m\n     \u001b[90m 56 |\u001b[39m   }\n     \u001b[90m 57 |\u001b[39m })\u001b[33m;\u001b[39m\u001b[0m\n\n      at Socket.stream.write (node_modules/@jest/reporters/build/index.js:1626:7)\n      at console._log (node_modules/@jest/console/build/index.js:251:11)\n      at console.log (node_modules/@jest/console/build/index.js:311:10)\n      at src/routes/plan.ts:54:13\n\n  ● 🔵 PLAN › Actualizar avance del plan\n\n    expect(received).toBe(expected) // Object.is equality\n\n    Expected: 200\n    Received: 500\n\n    \u001b[0m \u001b[90m 196 |\u001b[39m       })\u001b[33m;\u001b[39m\n     \u001b[90m 197 |\u001b[39m\n    \u001b[31m\u001b[1m>\u001b[22m\u001b[39m\u001b[90m 198 |\u001b[39m     expect(res\u001b[33m.\u001b[39mstatus)\u001b[33m.\u001b[39mtoBe(\u001b[35m200\u001b[39m)\u001b[33m;\u001b[39m\n     \u001b[90m     |\u001b[39m                        \u001b[31m\u001b[1m^\u001b[22m\u001b[39m\n     \u001b[90m 199 |\u001b[39m   })\u001b[33m;\u001b[39m\n     \u001b[90m 200 |\u001b[39m })\u001b[33m;\u001b[39m\n     \u001b[90m 201 |\u001b[39m\u001b[0m\n\n      at Object.<anonymous> (tests/all.test.ts:198:24)\n\n  ● 🧨 DELETE › Eliminar proyecto #2\n\n    EPIPE: broken pipe, write\n\n    \u001b[0m \u001b[90m 109 |\u001b[39m\n     \u001b[90m 110 |\u001b[39m   } \u001b[36mcatch\u001b[39m (err) {\n    \u001b[31m\u001b[1m>\u001b[22m\u001b[39m\u001b[90m 111 |\u001b[39m     console\u001b[33m.\u001b[39mlog(err)\u001b[33m;\u001b[39m\n     \u001b[90m     |\u001b[39m             \u001b[31m\u001b[1m^\u001b[22m\u001b[39m\n     \u001b[90m 112 |\u001b[39m     res\u001b[33m.\u001b[39mstatus(\u001b[35m500\u001b[39m)\u001b[33m.\u001b[39mjson({ message\u001b[33m:\u001b[39m \u001b[32m\"No se pudo eliminar el proyecto\"\u001b[39m })\u001b[33m;\u001b[39m\n     \u001b[90m 113 |\u001b[39m   }\n     \u001b[90m 114 |\u001b[39m })\u001b[33m;\u001b[39m\u001b[0m\n\n      at Socket.stream.write (node_modules/@jest/reporters/build/index.js:1626:7)\n      at console._log (node_modules/@jest/console/build/index.js:251:11)\n      at console.log (node_modules/@jest/console/build/index.js:311:10)\n      at src/routes/projects.ts:111:13\n\n  ● 🧨 DELETE › Eliminar proyecto #2\n\n    expect(received).toBe(expected) // Object.is equality\n\n    Expected: 200\n    Received: 500\n\n    \u001b[0m \u001b[90m 209 |\u001b[39m       \u001b[33m.\u001b[39m\u001b[36mset\u001b[39m(\u001b[32m\"Authorization\"\u001b[39m\u001b[33m,\u001b[39m \u001b[32m`Bearer ${token}`\u001b[39m)\u001b[33m;\u001b[39m\n     \u001b[90m 210 |\u001b[39m\n    \u001b[31m\u001b[1m>\u001b[22m\u001b[39m\u001b[90m 211 |\u001b[39m     expect(res\u001b[33m.\u001b[39mstatus)\u001b[33m.\u001b[39mtoBe(\u001b[35m200\u001b[39m)\u001b[33m;\u001b[39m\n     \u001b[90m     |\u001b[39m                        \u001b[31m\u001b[1m^\u001b[22m\u001b[39m\n     \u001b[90m 212 |\u001b[39m   })\u001b[33m;\u001b[39m\n     \u001b[90m 213 |\u001b[39m })\u001b[33m;\u001b[39m\n     \u001b[90m 214 |\u001b[39m\u001b[0m\n\n      at Object.<anonymous> (tests/all.test.ts:211:24)\n\n\n  ● Test suite failed to run\n\n    listen EADDRINUSE: address already in use :::3001\n\n    \u001b[0m \u001b[90m 24 |\u001b[39m app\u001b[33m.\u001b[39muse(\u001b[32m\"/microincrements\"\u001b[39m\u001b[33m,\u001b[39m routerMicro)\u001b[33m;\u001b[39m\n     \u001b[90m 25 |\u001b[39m \u001b[36mexport\u001b[39m \u001b[36mdefault\u001b[39m app\u001b[33m;\u001b[39m\n    \u001b[31m\u001b[1m>\u001b[22m\u001b[39m\u001b[90m 26 |\u001b[39m app\u001b[33m.\u001b[39mlisten(\u001b[35m3001\u001b[39m\u001b[33m,\u001b[39m () \u001b[33m=>\u001b[39m {\n     \u001b[90m    |\u001b[39m     \u001b[31m\u001b[1m^\u001b[22m\u001b[39m\n     \u001b[90m 27 |\u001b[39m   console\u001b[33m.\u001b[39mlog(\u001b[32m\"🔥 Backend escuchando en http://localhost:3001\"\u001b[39m)\u001b[33m;\u001b[39m\n     \u001b[90m 28 |\u001b[39m })\u001b[33m;\u001b[39m\n     \u001b[90m 29 |\u001b[39m\u001b[0m\n\n      at Function.listen (node_modules/express/lib/application.js:635:24)\n      at Object.<anonymous> (src/server.ts:26:5)\n      at Object.<anonymous> (tests/all.test.ts:2:1)\n","name":"C:\\Users\\alexi\\OneDrive\\Documentos\\OPELast\\Metodologias_Proy\\backend\\tests\\all.test.ts","startTime":1765319899503,"status":"failed","summary":""}],"wasInterrupted":false}
